{"C:\\Users\\96457\\Desktop\\hooks-dev-starter\\src\\App.tsx": {"path":"C:\\Users\\96457\\Desktop\\hooks-dev-starter\\src\\App.tsx","statementMap":{"0":{"start":{"line":1,"column":0},"end":{"line":1,"column":26}},"1":{"start":{"line":3,"column":12},"end":{"line":5,"column":1}},"2":{"start":{"line":4,"column":2},"end":{"line":4,"column":33}},"3":{"start":{"line":7,"column":0},"end":{"line":7,"column":19}}},"fnMap":{"0":{"name":"(anonymous_1)","decl":{"start":{"line":3,"column":12},"end":{"line":3,"column":15}},"loc":{"start":{"line":3,"column":17},"end":{"line":5,"column":1}}}},"branchMap":{},"s":{"0":1,"1":1,"2":1,"3":1},"f":{"0":1},"b":{}}
,"C:\\Users\\96457\\Desktop\\hooks-dev-starter\\src\\hooks\\useCounter.tsx": {"path":"C:\\Users\\96457\\Desktop\\hooks-dev-starter\\src\\hooks\\useCounter.tsx","statementMap":{"0":{"start":{"line":1,"column":0},"end":{"line":1,"column":46}},"1":{"start":{"line":4,"column":28},"end":{"line":4,"column":39}},"2":{"start":{"line":5,"column":20},"end":{"line":5,"column":65}},"3":{"start":{"line":5,"column":38},"end":{"line":5,"column":60}},"4":{"start":{"line":5,"column":54},"end":{"line":5,"column":59}},"5":{"start":{"line":6,"column":2},"end":{"line":6,"column":30}},"6":{"start":{"line":3,"column":0},"end":{"line":3,"column":24}}},"fnMap":{"0":{"name":"useCounter","decl":{"start":{"line":3,"column":24},"end":{"line":3,"column":34}},"loc":{"start":{"line":3,"column":34},"end":{"line":7,"column":1}}},"1":{"name":"(anonymous_1)","decl":{"start":{"line":5,"column":32},"end":{"line":5,"column":35}},"loc":{"start":{"line":5,"column":38},"end":{"line":5,"column":60}}},"2":{"name":"(anonymous_2)","decl":{"start":{"line":5,"column":47},"end":{"line":5,"column":48}},"loc":{"start":{"line":5,"column":54},"end":{"line":5,"column":59}}}},"branchMap":{},"s":{"0":1,"1":3,"2":3,"3":1,"4":1,"5":3,"6":1},"f":{"0":3,"1":1,"2":1},"b":{}}
}
